<?xml version="1.0" encoding="UTF-8"?>
<testng-results skipped="0" failed="0" ignored="0" total="2" passed="2">
  <reporter-output>
  </reporter-output>
  <suite name="Suite" duration-ms="151813" started-at="2021-07-19T23:14:20 IST" finished-at="2021-07-19T23:16:52 IST">
    <groups>
    </groups>
    <test name="Test" duration-ms="151813" started-at="2021-07-19T23:14:20 IST" finished-at="2021-07-19T23:16:52 IST">
      <class name="Tests.ApiDemoApp_SimpleTest">
        <test-method status="PASS" signature="KillAppiumServer()[pri:0, instance:Tests.ApiDemoApp_SimpleTest@7d0587f1]" name="KillAppiumServer" is-config="true" duration-ms="17" started-at="2021-07-19T23:14:20 IST" finished-at="2021-07-19T23:14:20 IST">
          <reporter-output>
          </reporter-output>
        </test-method> <!-- KillAppiumServer -->
        <test-method status="PASS" signature="ApiDemoAppSimpleTest_Scenario(java.lang.String)[pri:0, instance:Tests.ApiDemoApp_SimpleTest@7d0587f1]" name="ApiDemoAppSimpleTest_Scenario" duration-ms="75312" started-at="2021-07-19T23:14:20 IST" data-provider="InputData" finished-at="2021-07-19T23:15:36 IST">
          <params>
            <param index="0">
              <value>
                <![CDATA[MobileAutomation]]>
              </value>
            </param>
          </params>
          <reporter-output>
          </reporter-output>
        </test-method> <!-- ApiDemoAppSimpleTest_Scenario -->
        <test-method status="PASS" signature="ApiDemoAppSimpleTest_Scenario(java.lang.String)[pri:0, instance:Tests.ApiDemoApp_SimpleTest@7d0587f1]" name="ApiDemoAppSimpleTest_Scenario" duration-ms="76412" started-at="2021-07-19T23:15:36 IST" data-provider="InputData" finished-at="2021-07-19T23:16:52 IST">
          <params>
            <param index="0">
              <value>
                <![CDATA[Mobile!@#$Automation]]>
              </value>
            </param>
          </params>
          <reporter-output>
          </reporter-output>
        </test-method> <!-- ApiDemoAppSimpleTest_Scenario -->
      </class> <!-- Tests.ApiDemoApp_SimpleTest -->
    </test> <!-- Test -->
  </suite> <!-- Suite -->
</testng-results>
