<?xml version="1.0" encoding="UTF-8"?>
<testng-results skipped="0" failed="0" ignored="0" total="2" passed="2">
  <reporter-output>
  </reporter-output>
  <suite name="Suite" duration-ms="82150" started-at="2021-07-19T20:35:02 IST" finished-at="2021-07-19T20:36:25 IST">
    <groups>
    </groups>
    <test name="Test" duration-ms="82150" started-at="2021-07-19T20:35:02 IST" finished-at="2021-07-19T20:36:25 IST">
      <class name="Tests.ApiDemoApp_SimpleTest">
        <test-method status="PASS" signature="ApiDemoAppSimpleTest_Scenario(java.lang.String)[pri:0, instance:Tests.ApiDemoApp_SimpleTest@4a87761d]" name="ApiDemoAppSimpleTest_Scenario" duration-ms="43633" started-at="2021-07-19T20:35:02 IST" data-provider="InputData" finished-at="2021-07-19T20:35:46 IST">
          <params>
            <param index="0">
              <value>
                <![CDATA[MobileAutomation]]>
              </value>
            </param>
          </params>
          <reporter-output>
          </reporter-output>
        </test-method> <!-- ApiDemoAppSimpleTest_Scenario -->
        <test-method status="PASS" signature="ApiDemoAppSimpleTest_Scenario(java.lang.String)[pri:0, instance:Tests.ApiDemoApp_SimpleTest@4a87761d]" name="ApiDemoAppSimpleTest_Scenario" duration-ms="38424" started-at="2021-07-19T20:35:46 IST" data-provider="InputData" finished-at="2021-07-19T20:36:25 IST">
          <params>
            <param index="0">
              <value>
                <![CDATA[Mobile!@#$Automation]]>
              </value>
            </param>
          </params>
          <reporter-output>
          </reporter-output>
        </test-method> <!-- ApiDemoAppSimpleTest_Scenario -->
      </class> <!-- Tests.ApiDemoApp_SimpleTest -->
    </test> <!-- Test -->
  </suite> <!-- Suite -->
</testng-results>
